<?xml version="1.0" encoding="UTF-8"?>
<!-- Generated by org.testng.reporters.JUnitReportReporter -->
<testsuite hostname="LAPTOP-3QSTNR5R" failures="0" tests="5" name="test.Chhattisgarh" time="0.034" errors="0" timestamp="2023-03-15T08:53:30 IST" skipped="0">
  <testcase classname="test.Chhattisgarh" name="dhamtari" time="0.014"/>
  <system-out>
    <![CDATA[I am from dhamtari.]]>
  </system-out>
  <testcase classname="test.Chhattisgarh" name="korba" time="0.002"/>
  <system-out>
    <![CDATA[I am from korba.]]>
  </system-out>
  <testcase classname="test.Chhattisgarh" name="rj" time="0.005"/>
  <system-out>
    <![CDATA[I am from rajnandgao.]]>
  </system-out>
  <testcase classname="test.Chhattisgarh" name="raipur" time="0.005"/>
  <system-out>
    <![CDATA[I am from raipur.]]>
  </system-out>
  <testcase classname="test.Chhattisgarh" name="durg" time="0.008"/>
  <system-out>
    <![CDATA[I am from durg.]]>
  </system-out>
</testsuite> <!-- test.Chhattisgarh -->
