<?xml version="1.0" encoding="UTF-8"?>
<!-- Generated by org.testng.reporters.JUnitReportReporter -->
<testsuite hostname="LAPTOP-3QSTNR5R" failures="0" tests="1" name="testNG.FirstTestNG" time="0.012" errors="0" timestamp="2023-03-02T10:34:05 IST" skipped="0">
  <testcase classname="testNG.FirstTestNG" name="demo" time="0.012"/>
  <system-out/>
</testsuite> <!-- testNG.FirstTestNG -->
