<?xml version="1.0" encoding="UTF-8"?>
<!-- Generated by org.testng.reporters.JUnitReportReporter -->
<testsuite hostname="LAPTOP-3QSTNR5R" failures="0" tests="5" name="test.Maharashtra" time="0.019" errors="0" timestamp="2023-03-15T09:00:22 IST" skipped="0">
  <testcase classname="test.Maharashtra" name="mumbai" time="0.009"/>
  <system-out>
    <![CDATA[I am from mumbai.]]>
  </system-out>
  <testcase classname="test.Maharashtra" name="nasik" time="0.001"/>
  <system-out>
    <![CDATA[I am from nasik.]]>
  </system-out>
  <testcase classname="test.Maharashtra" name="vidarbh" time="0.002"/>
  <system-out>
    <![CDATA[I am from vidarbh.]]>
  </system-out>
  <testcase classname="test.Maharashtra" name="pune" time="0.004"/>
  <system-out>
    <![CDATA[I am from pune.]]>
  </system-out>
  <testcase classname="test.Maharashtra" name="nagpur" time="0.003"/>
  <system-out>
    <![CDATA[I am from nagpur.]]>
  </system-out>
</testsuite> <!-- test.Maharashtra -->
